<?xml version="1.0" encoding="UTF-8"?>
<testng-results ignored="0" total="1" passed="1" failed="0" skipped="0">
  <reporter-output>
    <line>
      <![CDATA[Expected Title = Facebook - log in or sign up]]>
    </line>
    <line>
      <![CDATA[Actual Title = Facebook - log in or sign up]]>
    </line>
  </reporter-output>
  <suite started-at="2023-01-24T12:17:21 EST" name="Default Suite" finished-at="2023-01-24T12:17:25 EST" duration-ms="3850">
    <groups>
    </groups>
    <test started-at="2023-01-24T12:17:21 EST" name="Edureka-DataDriven-Framework" finished-at="2023-01-24T12:17:25 EST" duration-ms="3850">
      <class name="test.BasicValidation">
        <test-method is-config="true" signature="beforeTest()[pri:0, instance:test.BasicValidation@55ca8de8]" started-at="2023-01-24T12:17:21 EST" name="beforeTest" finished-at="2023-01-24T12:17:25 EST" duration-ms="3599" status="PASS">
          <reporter-output>
          </reporter-output>
        </test-method> <!-- beforeTest -->
        <test-method signature="titleValidation()[pri:0, instance:test.BasicValidation@55ca8de8]" started-at="2023-01-24T12:17:25 EST" name="titleValidation" finished-at="2023-01-24T12:17:25 EST" duration-ms="10" status="PASS">
          <reporter-output>
            <line>
              <![CDATA[Expected Title = Facebook - log in or sign up]]>
            </line>
            <line>
              <![CDATA[Actual Title = Facebook - log in or sign up]]>
            </line>
          </reporter-output>
        </test-method> <!-- titleValidation -->
        <test-method is-config="true" signature="afterTest()[pri:0, instance:test.BasicValidation@55ca8de8]" started-at="2023-01-24T12:17:25 EST" name="afterTest" finished-at="2023-01-24T12:17:25 EST" duration-ms="214" status="PASS">
          <reporter-output>
          </reporter-output>
        </test-method> <!-- afterTest -->
      </class> <!-- test.BasicValidation -->
    </test> <!-- Edureka-DataDriven-Framework -->
  </suite> <!-- Default Suite -->
</testng-results>
